INFO:root:Output dir: /home/zheng_zhang7/fac-via-ppg/aaron_syn_output/
DEBUG:root:Tacotron: /home/zheng_zhang7/fac-via-ppg/checkpoint/checkpoint-aaron/checkpoint_47600
DEBUG:root:Waveglow: /home/zheng_zhang7/fac-via-ppg/waveglow-checkpoint/aaron-checkpoint/waveglow_172500
DEBUG:root:AM: SI model
DEBUG:root:is_clip: 0
DEBUG:root:Fs: 16000
DEBUG:root:Sigma: 0.600000
DEBUG:root:Denoiser strength: 0.005000
DEBUG:root:Denoiser mode: zeros
WARNING:root:Missing /home/zheng_zhang7/fac-via-ppg/teacher_utterance/arctic_a0016.wav
INFO:root:Done!
INFO:root:Output dir: /home/zheng_zhang7/fac-via-ppg/aaron_syn_output/
DEBUG:root:Tacotron: /home/zheng_zhang7/fac-via-ppg/checkpoint/checkpoint-aaron/checkpoint_47600
DEBUG:root:Waveglow: /home/zheng_zhang7/fac-via-ppg/waveglow-checkpoint/aaron-checkpoint/waveglow_172500
DEBUG:root:AM: SI model
DEBUG:root:is_clip: 0
DEBUG:root:Fs: 16000
DEBUG:root:Sigma: 0.600000
DEBUG:root:Denoiser strength: 0.005000
DEBUG:root:Denoiser mode: zeros
INFO:root:Perform AC on /home/zheng_zhang7/fac-via-ppg/teacher-utterance/arctic_a0016.wav
INFO:root:Done!
INFO:root:Output dir: /home/zheng_zhang7/fac-via-ppg/aaron_syn_output/
INFO:root:Output dir: /home/zheng_zhang7/fac-via-ppg/aaron_syn_output/
DEBUG:root:Tacotron: /home/zheng_zhang7/fac-via-ppg/checkpoint/checkpoint-aaron/checkpoint_62200
DEBUG:root:Waveglow: /home/zheng_zhang7/fac-via-ppg/waveglow-checkpoint/aaron-checkpoint/waveglow_345000
DEBUG:root:AM: SI model
DEBUG:root:is_clip: 0
DEBUG:root:Fs: 16000
DEBUG:root:Sigma: 0.600000
DEBUG:root:Denoiser strength: 0.005000
DEBUG:root:Denoiser mode: zeros
INFO:root:Perform AC on /home/zheng_zhang7/fac-via-ppg/teacher-utterance/arctic_a0016.wav
INFO:root:Done!
INFO:root:Output dir: /home/zheng_zhang7/fac-via-ppg/aaron_syn_output/
DEBUG:root:Tacotron: /home/zheng_zhang7/fac-via-ppg/checkpoint/checkpoint-aaron/checkpoint_62200
DEBUG:root:Waveglow: /home/zheng_zhang7/fac-via-ppg/waveglow-checkpoint/aaron-checkpoint/waveglow_345000
DEBUG:root:AM: SI model
DEBUG:root:is_clip: 0
DEBUG:root:Fs: 16000
DEBUG:root:Sigma: 0.600000
DEBUG:root:Denoiser strength: 0.005000
DEBUG:root:Denoiser mode: zeros
INFO:root:Perform AC on /home/zheng_zhang7/fac-via-ppg/teacher-utterance/arctic_a0016.wav
INFO:root:Done!
INFO:root:Output dir: /home/zheng_zhang7/fac-via-ppg/aaron_syn_output/
DEBUG:root:Tacotron: /home/zheng_zhang7/fac-via-ppg/checkpoint/checkpoint-aaron/checkpoint_62200
DEBUG:root:Waveglow: /home/zheng_zhang7/fac-via-ppg/waveglow-checkpoint/aaron-checkpoint/waveglow_345000
DEBUG:root:AM: SI model
DEBUG:root:is_clip: 0
DEBUG:root:Fs: 16000
DEBUG:root:Sigma: 0.600000
DEBUG:root:Denoiser strength: 0.005000
DEBUG:root:Denoiser mode: zeros
INFO:root:Perform AC on /home/zheng_zhang7/fac-via-ppg/teacher-utterance/arctic_a0016.wav
INFO:root:Done!
INFO:root:Output dir: /home/zheng_zhang7/fac-via-ppg/aaron_syn_output/
DEBUG:root:Tacotron: /home/zheng_zhang7/fac-via-ppg/checkpoint/checkpoint-aaron/checkpoint_62200
DEBUG:root:Waveglow: /home/zheng_zhang7/fac-via-ppg/waveglow-checkpoint/aaron-checkpoint/waveglow_345000
DEBUG:root:AM: SI model
DEBUG:root:is_clip: 0
DEBUG:root:Fs: 16000
DEBUG:root:Sigma: 0.600000
DEBUG:root:Denoiser strength: 0.005000
DEBUG:root:Denoiser mode: zeros
INFO:root:Perform AC on /home/zheng_zhang7/fac-via-ppg/teacher-utterance/arctic_a0016.wav
INFO:root:Output dir: /home/zheng_zhang7/fac-via-ppg/aaron_syn_output/
DEBUG:root:Tacotron: /home/zheng_zhang7/fac-via-ppg/checkpoint/checkpoint-aaron/checkpoint_62200
DEBUG:root:Waveglow: /home/zheng_zhang7/fac-via-ppg/waveglow-checkpoint/aaron-checkpoint/waveglow_345000
DEBUG:root:AM: SI model
DEBUG:root:is_clip: 0
DEBUG:root:Fs: 16000
DEBUG:root:Sigma: 0.600000
DEBUG:root:Denoiser strength: 0.005000
DEBUG:root:Denoiser mode: zeros
INFO:root:Perform AC on /home/zheng_zhang7/fac-via-ppg/teacher-utterance/arctic_a0016.wav
INFO:root:Done!
INFO:root:Output dir: /home/zheng_zhang7/fac-via-ppg/aaron_syn_output/
DEBUG:root:Tacotron: /home/zheng_zhang7/fac-via-ppg/checkpoint/checkpoint-aaron/checkpoint_62200
DEBUG:root:Waveglow: /home/zheng_zhang7/fac-via-ppg/waveglow-checkpoint/aaron-checkpoint/waveglow_66500
DEBUG:root:AM: SI model
DEBUG:root:is_clip: 0
DEBUG:root:Fs: 16000
DEBUG:root:Sigma: 0.600000
DEBUG:root:Denoiser strength: 0.005000
DEBUG:root:Denoiser mode: zeros
INFO:root:Perform AC on /home/zheng_zhang7/fac-via-ppg/teacher-utterance/arctic_a0016.wav
INFO:root:Done!
INFO:root:Output dir: /home/zheng_zhang7/fac-via-ppg/aaron_syn_output
INFO:root:Output dir: /home/zheng_zhang7/fac-via-ppg/aaron_syn_output
DEBUG:root:Tacotron: /home/zheng_zhang7/fac-via-ppg/checkpoint/checkpoint-aaron/checkpoint_62200
DEBUG:root:Waveglow: /home/zheng_zhang7/fac-via-ppg/waveglow-checkpoint/aaron-checkpoint/waveglow_85000
DEBUG:root:AM: SI model
DEBUG:root:is_clip: 0
DEBUG:root:Fs: 16000
DEBUG:root:Sigma: 0.600000
DEBUG:root:Denoiser strength: 0.005000
DEBUG:root:Denoiser mode: zeros
INFO:root:Perform AC on /home/zheng_zhang7/fac-via-ppg/teacher-utterance/arctic_a0016.wav
INFO:root:Done!
