INFO:root:Output dir: /home/zheng_zhang7/fac-via-ppg/output-audio
INFO:root:Output dir: /home/zheng_zhang7/fac-via-ppg/output-audio
INFO:root:Output dir: /home/zheng_zhang7/fac-via-ppg/output-audio
INFO:root:Output dir: /home/zheng_zhang7/fac-via-ppg/output-audio
INFO:root:Output dir: /home/zheng_zhang7/fac-via-ppg/output-audio
INFO:root:Output dir: /home/zheng_zhang7/fac-via-ppg/output-audio
INFO:root:Output dir: /home/zheng_zhang7/fac-via-ppg/output-audio
INFO:root:Output dir: /home/zheng_zhang7/fac-via-ppg/output-audio
INFO:root:Output dir: /home/zheng_zhang7/fac-via-ppg/output-audio
INFO:root:Output dir: /home/zheng_zhang7/fac-via-ppg/output-audio
INFO:root:Output dir: /home/zheng_zhang7/fac-via-ppg/output-audio
INFO:root:Output dir: /home/zheng_zhang7/fac-via-ppg/output-audio
INFO:root:Output dir: /home/zheng_zhang7/fac-via-ppg/output-audio
INFO:root:Output dir: /home/zheng_zhang7/fac-via-ppg/output-audio
INFO:root:Output dir: /home/zheng_zhang7/fac-via-ppg/output-audio
INFO:root:Output dir: /home/zheng_zhang7/fac-via-ppg/output-audio
DEBUG:root:Tacotron: /home/zheng_zhang7/fac-via-ppg/interspeech19-stage/ppg2speech-si-am-si-tacotron-bdl2ykwk-final/tacotron_checkpoint_11000
DEBUG:root:Waveglow: /home/zheng_zhang7/fac-via-ppg/interspeech19-stage/ppg2speech-si-am-si-tacotron-bdl2ykwk-final/waveglow_270000
DEBUG:root:AM: SI model
DEBUG:root:is_clip: 0
DEBUG:root:Fs: 16000
DEBUG:root:Sigma: 0.600000
DEBUG:root:Denoiser strength: 0.005000
DEBUG:root:Denoiser mode: zeros
INFO:root:Perform AC on /home/zheng_zhang7/fac-via-ppg/teacher-utterance/arctic_a0116.wav
INFO:root:Done!
